C:\Mark\Learning Projects\Puzzle\Puzzle\Puzzle\Node-Puzzle\server.js
C:\Mark\Learning Projects\Puzzle\Puzzle\Puzzle\Node-Puzzle\server.js.map
C:\Mark\Learning Projects\Puzzle\Puzzle\Puzzle\Node-Puzzle\public\script\Puzzle\dataTypes.js
C:\Mark\Learning Projects\Puzzle\Puzzle\Puzzle\Node-Puzzle\public\script\Puzzle\dataTypes.js.map
C:\Mark\Learning Projects\Puzzle\Puzzle\Puzzle\Node-Puzzle\public\script\Puzzle\Services\Logic.js
C:\Mark\Learning Projects\Puzzle\Puzzle\Puzzle\Node-Puzzle\public\script\Puzzle\Services\Logic.js.map
C:\Mark\Learning Projects\Puzzle\Puzzle\Puzzle\Node-Puzzle\public\script\Puzzle\Services\Log.js
C:\Mark\Learning Projects\Puzzle\Puzzle\Puzzle\Node-Puzzle\public\script\Puzzle\Services\Log.js.map
C:\Mark\Learning Projects\Puzzle\Puzzle\Puzzle\Node-Puzzle\public\script\Puzzle\Services\UserInput.js
C:\Mark\Learning Projects\Puzzle\Puzzle\Puzzle\Node-Puzzle\public\script\Puzzle\Services\UserInput.js.map
C:\Mark\Learning Projects\Puzzle\Puzzle\Puzzle\Node-Puzzle\public\script\Puzzle\Services\Sound.js
C:\Mark\Learning Projects\Puzzle\Puzzle\Puzzle\Node-Puzzle\public\script\Puzzle\Services\Sound.js.map
C:\Mark\Learning Projects\Puzzle\Puzzle\Puzzle\Node-Puzzle\public\script\Puzzle\Services\View.js
C:\Mark\Learning Projects\Puzzle\Puzzle\Puzzle\Node-Puzzle\public\script\Puzzle\Services\View.js.map
C:\Mark\Learning Projects\Puzzle\Puzzle\Puzzle\Node-Puzzle\public\script\Puzzle\Client.js
C:\Mark\Learning Projects\Puzzle\Puzzle\Puzzle\Node-Puzzle\public\script\Puzzle\Client.js.map
C:\Mark\Learning Projects\Puzzle\Puzzle\Puzzle\Node-Puzzle\public\script\Puzzle\App.js
C:\Mark\Learning Projects\Puzzle\Puzzle\Puzzle\Node-Puzzle\public\script\Puzzle\App.js.map
C:\Mark\Learning Projects\Puzzle\Puzzle\Puzzle\Node-Puzzle\public\script\Puzzle\Services\Network.js
C:\Mark\Learning Projects\Puzzle\Puzzle\Puzzle\Node-Puzzle\public\script\Puzzle\Services\Network.js.map
