C:\Users\marks\Source\Repos\Puzzle\ASPClient\wwwroot\components\HighScores\main.js
C:\Users\marks\Source\Repos\Puzzle\ASPClient\wwwroot\components\HighScores\main.js.map
C:\Users\marks\Source\Repos\Puzzle\ASPClient\wwwroot\script\Puzzle\dataTypes.js
C:\Users\marks\Source\Repos\Puzzle\ASPClient\wwwroot\script\Puzzle\dataTypes.js.map
C:\Users\marks\Source\Repos\Puzzle\ASPClient\wwwroot\script\Puzzle\Services\Logic.js
C:\Users\marks\Source\Repos\Puzzle\ASPClient\wwwroot\script\Puzzle\Services\Logic.js.map
C:\Users\marks\Source\Repos\Puzzle\ASPClient\wwwroot\script\Puzzle\Services\Log.js
C:\Users\marks\Source\Repos\Puzzle\ASPClient\wwwroot\script\Puzzle\Services\Log.js.map
C:\Users\marks\Source\Repos\Puzzle\ASPClient\wwwroot\script\Puzzle\Services\UserInput.js
C:\Users\marks\Source\Repos\Puzzle\ASPClient\wwwroot\script\Puzzle\Services\UserInput.js.map
C:\Users\marks\Source\Repos\Puzzle\ASPClient\wwwroot\script\Puzzle\Services\Sound.js
C:\Users\marks\Source\Repos\Puzzle\ASPClient\wwwroot\script\Puzzle\Services\Sound.js.map
C:\Users\marks\Source\Repos\Puzzle\ASPClient\wwwroot\script\Puzzle\Services\View.js
C:\Users\marks\Source\Repos\Puzzle\ASPClient\wwwroot\script\Puzzle\Services\View.js.map
C:\Users\marks\Source\Repos\Puzzle\ASPClient\wwwroot\script\Puzzle\Services\Network.js
C:\Users\marks\Source\Repos\Puzzle\ASPClient\wwwroot\script\Puzzle\Services\Network.js.map
C:\Users\marks\Source\Repos\Puzzle\ASPClient\wwwroot\script\Puzzle\Client.js
C:\Users\marks\Source\Repos\Puzzle\ASPClient\wwwroot\script\Puzzle\Client.js.map
C:\Users\marks\Source\Repos\Puzzle\ASPClient\wwwroot\script\Puzzle\App.js
C:\Users\marks\Source\Repos\Puzzle\ASPClient\wwwroot\script\Puzzle\App.js.map
