C:\Users\marks\Source\Repos\Puzzle\Puzzle-TS\Puzzle\dataTypes.js
C:\Users\marks\Source\Repos\Puzzle\Puzzle-TS\Puzzle\dataTypes.js.map
C:\Users\marks\Source\Repos\Puzzle\Puzzle-TS\Puzzle\Services\Logic.js
C:\Users\marks\Source\Repos\Puzzle\Puzzle-TS\Puzzle\Services\Logic.js.map
C:\Users\marks\Source\Repos\Puzzle\Puzzle-TS\Puzzle\Services\Log.js
C:\Users\marks\Source\Repos\Puzzle\Puzzle-TS\Puzzle\Services\Log.js.map
C:\Users\marks\Source\Repos\Puzzle\Puzzle-TS\Puzzle\Server.js
C:\Users\marks\Source\Repos\Puzzle\Puzzle-TS\Puzzle\Server.js.map
C:\Users\marks\Source\Repos\Puzzle\Puzzle-TS\Puzzle\Services\Debug.js
C:\Users\marks\Source\Repos\Puzzle\Puzzle-TS\Puzzle\Services\Debug.js.map
C:\Users\marks\Source\Repos\Puzzle\Puzzle-TS\Puzzle\Services\File.js
C:\Users\marks\Source\Repos\Puzzle\Puzzle-TS\Puzzle\Services\File.js.map
C:\Users\marks\Source\Repos\Puzzle\Puzzle-TS\Puzzle\Services\Network.js
C:\Users\marks\Source\Repos\Puzzle\Puzzle-TS\Puzzle\Services\Network.js.map
C:\Users\marks\Source\Repos\Puzzle\Puzzle-TS\Puzzle\Services\UserInput.js
C:\Users\marks\Source\Repos\Puzzle\Puzzle-TS\Puzzle\Services\UserInput.js.map
C:\Users\marks\Source\Repos\Puzzle\Puzzle-TS\Puzzle\Services\Sound.js
C:\Users\marks\Source\Repos\Puzzle\Puzzle-TS\Puzzle\Services\Sound.js.map
C:\Users\marks\Source\Repos\Puzzle\Puzzle-TS\Puzzle\Services\View.js
C:\Users\marks\Source\Repos\Puzzle\Puzzle-TS\Puzzle\Services\View.js.map
C:\Users\marks\Source\Repos\Puzzle\Puzzle-TS\Puzzle\Client.js
C:\Users\marks\Source\Repos\Puzzle\Puzzle-TS\Puzzle\Client.js.map
C:\Users\marks\Source\Repos\Puzzle\Puzzle-TS\App.js
C:\Users\marks\Source\Repos\Puzzle\Puzzle-TS\App.js.map
