C:\Users\marks\Source\Repos\Puzzle\Puzzle-TS\PuzzleLogic.js
C:\Users\marks\Source\Repos\Puzzle\Puzzle-TS\PuzzleLogic.js.map
C:\Users\marks\Source\Repos\Puzzle\Puzzle-TS\dataTypes.js
C:\Users\marks\Source\Repos\Puzzle\Puzzle-TS\dataTypes.js.map
C:\Users\marks\Source\Repos\Puzzle\Puzzle-TS\PuzzleLogService.js
C:\Users\marks\Source\Repos\Puzzle\Puzzle-TS\PuzzleLogService.js.map
C:\Users\marks\Source\Repos\Puzzle\Puzzle-TS\Server.js
C:\Users\marks\Source\Repos\Puzzle\Puzzle-TS\Server.js.map
C:\Users\marks\Source\Repos\Puzzle\Puzzle-TS\DebugService.js
C:\Users\marks\Source\Repos\Puzzle\Puzzle-TS\DebugService.js.map
C:\Users\marks\Source\Repos\Puzzle\Puzzle-TS\FileService.js
C:\Users\marks\Source\Repos\Puzzle\Puzzle-TS\FileService.js.map
C:\Users\marks\Source\Repos\Puzzle\Puzzle-TS\NetworkService.js
C:\Users\marks\Source\Repos\Puzzle\Puzzle-TS\NetworkService.js.map
C:\Users\marks\Source\Repos\Puzzle\Puzzle-TS\InputService.js
C:\Users\marks\Source\Repos\Puzzle\Puzzle-TS\InputService.js.map
C:\Users\marks\Source\Repos\Puzzle\Puzzle-TS\SoundService.js
C:\Users\marks\Source\Repos\Puzzle\Puzzle-TS\SoundService.js.map
C:\Users\marks\Source\Repos\Puzzle\Puzzle-TS\ViewService.js
C:\Users\marks\Source\Repos\Puzzle\Puzzle-TS\ViewService.js.map
C:\Users\marks\Source\Repos\Puzzle\Puzzle-TS\Client.js
C:\Users\marks\Source\Repos\Puzzle\Puzzle-TS\Client.js.map
C:\Users\marks\Source\Repos\Puzzle\Puzzle-TS\App.js
C:\Users\marks\Source\Repos\Puzzle\Puzzle-TS\App.js.map
C:\Users\marks\Source\Repos\Puzzle\Puzzle-TS\ServerNetwork.js
C:\Users\marks\Source\Repos\Puzzle\Puzzle-TS\ServerNetwork.js.map
